29/08/2020 04:59:20 | WARNING | pyforms_generic_editor.models.projects.projects_dockwindow | _option_open_project | [Errno 2] No such file or directory: 'C:/maxland_test\\maxland_test.json'
Traceback (most recent call last):
  File "c:\users\user\anaconda3\envs\maxland\lib\site-packages\pyforms_generic_editor\models\projects\projects_dockwindow.py", line 41, in _option_open_project
    self.open_project()
  File "c:\users\user\anaconda3\envs\maxland\lib\site-packages\pybpodgui_plugin\models\projects\projects_treenode.py", line 38, in open_project
    project = super().open_project(project_path)
  File "c:\users\user\anaconda3\envs\maxland\lib\site-packages\pybpodgui_plugin\models\projects\projects_window.py", line 75, in open_project
    project.load(str(project_path))
  File "c:\users\user\anaconda3\envs\maxland\lib\site-packages\pybpodgui_plugin\models\project\project_treenode.py", line 140, in load
    super(ProjectTreeNode, self).load(project_path)
  File "c:\users\user\anaconda3\envs\maxland\lib\site-packages\pybpodgui_api\models\project\project_io.py", line 37, in load
    with open(os.path.join(self.path, self.name+'.json'), 'r') as stream:
FileNotFoundError: [Errno 2] No such file or directory: 'C:/maxland_test\\maxland_test.json'
19/07/2021 06:50:36 | WARNING | pyforms_generic_editor.plugins.loader | install_plugins | Plugins path was not defined by user
19/07/2021 06:50:37 | WARNING | pyforms_generic_editor.editor.base_editor | init_form | [Errno 2] No such file or directory: 'C:\\maxland\\maxland.json'
Traceback (most recent call last):
  File "c:\users\gil\anaconda3\envs\maxland\lib\site-packages\pyforms_generic_editor\editor\base_editor.py", line 75, in init_form
    self.model.open_project(conf.DEFAULT_PROJECT_PATH)
  File "c:\users\gil\anaconda3\envs\maxland\lib\site-packages\pybpodgui_plugin\models\projects\projects_treenode.py", line 38, in open_project
    project = super().open_project(project_path)
  File "c:\users\gil\anaconda3\envs\maxland\lib\site-packages\pybpodgui_plugin\models\projects\projects_window.py", line 75, in open_project
    project.load(str(project_path))
  File "c:\users\gil\anaconda3\envs\maxland\lib\site-packages\pybpodgui_plugin\models\project\project_treenode.py", line 140, in load
    super(ProjectTreeNode, self).load(project_path)
  File "c:\users\gil\anaconda3\envs\maxland\lib\site-packages\pybpodgui_api\models\project\project_io.py", line 37, in load
    with open(os.path.join(self.path, self.name+'.json'), 'r') as stream:
FileNotFoundError: [Errno 2] No such file or directory: 'C:\\maxland\\maxland.json'
19/07/2021 06:51:31 | WARNING | pyforms_generic_editor.plugins.loader | install_plugins | Plugins path was not defined by user
